<?xml version="1.0" encoding="UTF-8"?>
<testng-results ignored="0" total="1" passed="1" failed="0" skipped="0">
  <reporter-output>
  </reporter-output>
  <suite started-at="2022-06-01T04:12:32Z" name="Default suite" finished-at="2022-06-01T04:12:32Z" duration-ms="48">
    <groups>
    </groups>
    <test started-at="2022-06-01T04:12:32Z" name="Default test" finished-at="2022-06-01T04:12:32Z" duration-ms="48">
      <class name="com.SimpleJenkins.sample.Simple">
        <test-method signature="simple()[pri:0, instance:com.SimpleJenkins.sample.Simple@38ba6ce3]" started-at="2022-06-01T04:12:32Z" name="simple" finished-at="2022-06-01T04:12:32Z" duration-ms="11" status="PASS">
          <reporter-output>
          </reporter-output>
        </test-method> <!-- simple -->
      </class> <!-- com.SimpleJenkins.sample.Simple -->
    </test> <!-- Default test -->
  </suite> <!-- Default suite -->
</testng-results>
